<?xml version="1.0" encoding="UTF-8"?>
<testng-results ignored="0" total="1" passed="1" failed="0" skipped="0">
  <reporter-output>
  </reporter-output>
  <suite started-at="2022-04-24T17:20:50 IST" name="Suite" finished-at="2022-04-24T17:21:19 IST" duration-ms="29221">
    <groups>
    </groups>
    <test started-at="2022-04-24T17:20:50 IST" name="Test" finished-at="2022-04-24T17:21:19 IST" duration-ms="29221">
      <class name="Auto.Excel.test">
        <test-method is-config="true" signature="init()[pri:0, instance:Auto.Excel.test@25be7b63]" started-at="2022-04-24T17:20:50 IST" name="init" finished-at="2022-04-24T17:21:04 IST" duration-ms="14155" status="PASS">
          <reporter-output>
          </reporter-output>
        </test-method> <!-- init -->
        <test-method signature="Test(java.lang.String,java.lang.String)[pri:0, instance:Auto.Excel.test@25be7b63]" started-at="2022-04-24T17:21:07 IST" name="Test" data-provider="getData" finished-at="2022-04-24T17:21:18 IST" duration-ms="11302" status="PASS">
          <params>
            <param index="0">
              <value>
                <![CDATA[9012572026]]>
              </value>
            </param>
            <param index="1">
              <value>
                <![CDATA[Moluramg123.]]>
              </value>
            </param>
          </params>
          <reporter-output>
          </reporter-output>
        </test-method> <!-- Test -->
        <test-method is-config="true" signature="tearDown()[pri:0, instance:Auto.Excel.test@25be7b63]" started-at="2022-04-24T17:21:18 IST" name="tearDown" finished-at="2022-04-24T17:21:19 IST" duration-ms="918" status="PASS">
          <reporter-output>
          </reporter-output>
        </test-method> <!-- tearDown -->
      </class> <!-- Auto.Excel.test -->
    </test> <!-- Test -->
  </suite> <!-- Suite -->
</testng-results>
